# JRE version: OpenJDK Runtime Environment (18.0.1+10) (build 18.0.1+10-24)
# Java VM: OpenJDK 64-Bit Server VM (18.0.1+10-24, mixed mode, sharing, tiered, compressed oops, compressed class ptrs, g1 gc, windows-amd64)
GC Precious Log:
 CardTable entry size: 512
 Card Set container configuration: InlinePtr #cards 5 size 8 Array Of Cards #cards 12 size 40 Howl #buckets 4 coarsen threshold 1843 Howl Bitmap #cards 512 size 80 coarsen threshold 460 Card regions per heap region 1 cards per card region 2048
 CPUs: 4 total, 4 available
 Memory: 3972M
 Large Page Support: Disabled
 NUMA Support: Disabled
 Compressed Oops: Enabled (32-bit)
 Heap Region Size: 1M
 Heap Min Capacity: 8M
 Heap Initial Capacity: 64M
 Heap Max Capacity: 994M
 Pre-touch: Disabled
 Parallel Workers: 4
 Concurrent Workers: 1
 Concurrent Refinement Workers: 4
 Periodic GC: Disabled
Heap:
 garbage-first heap   total 48128K, used 21691K [0x00000000c1e00000, 0x0000000100000000)
  region size 1024K, 3 young (3072K), 3 survivors (3072K)
 Metaspace       used 44418K, committed 44800K, reserved 1114112K
  class space    used 5809K, committed 6016K, reserved 1048576K
GC Heap History (20 events):
Event: 2.627 GC heap after
{Heap after GC invocations=3 (full 0):
 garbage-first heap   total 65536K, used 9300K [0x00000000c1e00000, 0x0000000100000000)
  region size 1024K, 3 young (3072K), 3 survivors (3072K)
 Metaspace       used 10764K, committed 11008K, reserved 1114112K
  class space    used 1321K, committed 1408K, reserved 1048576K
}
Event: 3.759 GC heap before
{Heap before GC invocations=3 (full 0):
 garbage-first heap   total 65536K, used 37972K [0x00000000c1e00000, 0x0000000100000000)
  region size 1024K, 32 young (32768K), 3 survivors (3072K)
 Metaspace       used 17462K, committed 17728K, reserved 1114112K
  class space    used 2132K, committed 2240K, reserved 1048576K
}
Event: 3.771 GC heap after
{Heap after GC invocations=4 (full 0):
 garbage-first heap   total 65536K, used 11272K [0x00000000c1e00000, 0x0000000100000000)
  region size 1024K, 4 young (4096K), 4 survivors (4096K)
 Metaspace       used 17462K, committed 17728K, reserved 1114112K
  class space    used 2132K, committed 2240K, reserved 1048576K
}
Event: 5.385 GC heap before
{Heap before GC invocations=4 (full 0):
 garbage-first heap   total 65536K, used 38920K [0x00000000c1e00000, 0x0000000100000000)
  region size 1024K, 33 young (33792K), 4 survivors (4096K)
 Metaspace       used 21302K, committed 21504K, reserved 1114112K
  class space    used 2640K, committed 2752K, reserved 1048576K
}
Event: 5.397 GC heap after
{Heap after GC invocations=5 (full 0):
 garbage-first heap   total 65536K, used 13033K [0x00000000c1e00000, 0x0000000100000000)
  region size 1024K, 4 young (4096K), 4 survivors (4096K)
 Metaspace       used 21302K, committed 21504K, reserved 1114112K
  class space    used 2640K, committed 2752K, reserved 1048576K
}
Event: 7.679 GC heap before
{Heap before GC invocations=6 (full 0):
 garbage-first heap   total 48128K, used 36585K [0x00000000c1e00000, 0x0000000100000000)
  region size 1024K, 28 young (28672K), 4 survivors (4096K)
 Metaspace       used 25047K, committed 25408K, reserved 1114112K
  class space    used 3166K, committed 3328K, reserved 1048576K
}
Event: 7.694 GC heap after
{Heap after GC invocations=7 (full 0):
 garbage-first heap   total 48128K, used 14980K [0x00000000c1e00000, 0x0000000100000000)
  region size 1024K, 4 young (4096K), 4 survivors (4096K)
 Metaspace       used 25047K, committed 25408K, reserved 1114112K
  class space    used 3166K, committed 3328K, reserved 1048576K
}
Event: 7.781 GC heap before
{Heap before GC invocations=7 (full 0):
 garbage-first heap   total 48128K, used 16004K [0x00000000c1e00000, 0x0000000100000000)
  region size 1024K, 5 young (5120K), 4 survivors (4096K)
 Metaspace       used 25219K, committed 25536K, reserved 1114112K
  class space    used 3193K, committed 3328K, reserved 1048576K
}
Event: 7.792 GC heap after
{Heap after GC invocations=8 (full 0):
 garbage-first heap   total 48128K, used 15096K [0x00000000c1e00000, 0x0000000100000000)
  region size 1024K, 1 young (1024K), 1 survivors (1024K)
 Metaspace       used 25219K, committed 25536K, reserved 1114112K
  class space    used 3193K, committed 3328K, reserved 1048576K
}
Event: 9.241 GC heap before
{Heap before GC invocations=8 (full 0):
 garbage-first heap   total 48128K, used 32504K [0x00000000c1e00000, 0x0000000100000000)
  region size 1024K, 19 young (19456K), 1 survivors (1024K)
 Metaspace       used 28967K, committed 29376K, reserved 1114112K
  class space    used 3713K, committed 3904K, reserved 1048576K
}
Event: 9.248 GC heap after
{Heap after GC invocations=9 (full 0):
 garbage-first heap   total 48128K, used 16749K [0x00000000c1e00000, 0x0000000100000000)
  region size 1024K, 3 young (3072K), 3 survivors (3072K)
 Metaspace       used 28967K, committed 29376K, reserved 1114112K
  class space    used 3713K, committed 3904K, reserved 1048576K
}
Event: 10.324 GC heap before
{Heap before GC invocations=9 (full 0):
 garbage-first heap   total 48128K, used 33133K [0x00000000c1e00000, 0x0000000100000000)
  region size 1024K, 20 young (20480K), 3 survivors (3072K)
 Metaspace       used 31618K, committed 32000K, reserved 1114112K
  class space    used 3987K, committed 4160K, reserved 1048576K
}
Event: 10.331 GC heap after
{Heap after GC invocations=10 (full 0):
 garbage-first heap   total 48128K, used 17983K [0x00000000c1e00000, 0x0000000100000000)
  region size 1024K, 2 young (2048K), 2 survivors (2048K)
 Metaspace       used 31618K, committed 32000K, reserved 1114112K
  class space    used 3987K, committed 4160K, reserved 1048576K
}
Event: 11.010 GC heap before
{Heap before GC invocations=10 (full 0):
 garbage-first heap   total 48128K, used 34367K [0x00000000c1e00000, 0x0000000100000000)
  region size 1024K, 19 young (19456K), 2 survivors (2048K)
 Metaspace       used 35359K, committed 35776K, reserved 1114112K
  class space    used 4436K, committed 4672K, reserved 1048576K
}
Event: 11.015 GC heap after
{Heap after GC invocations=11 (full 0):
 garbage-first heap   total 48128K, used 19539K [0x00000000c1e00000, 0x0000000100000000)
  region size 1024K, 3 young (3072K), 3 survivors (3072K)
 Metaspace       used 35359K, committed 35776K, reserved 1114112K
  class space    used 4436K, committed 4672K, reserved 1048576K
}
Event: 11.128 GC heap before
{Heap before GC invocations=11 (full 0):
 garbage-first heap   total 48128K, used 21587K [0x00000000c1e00000, 0x0000000100000000)
  region size 1024K, 6 young (6144K), 3 survivors (3072K)
 Metaspace       used 35779K, committed 36096K, reserved 1114112K
  class space    used 4499K, committed 4672K, reserved 1048576K
}
Event: 11.133 GC heap after
{Heap after GC invocations=12 (full 0):
 garbage-first heap   total 48128K, used 19611K [0x00000000c1e00000, 0x0000000100000000)
  region size 1024K, 2 young (2048K), 2 survivors (2048K)
 Metaspace       used 35779K, committed 36096K, reserved 1114112K
  class space    used 4499K, committed 4672K, reserved 1048576K
}
Event: 12.109 GC heap before
{Heap before GC invocations=13 (full 0):
 garbage-first heap   total 48128K, used 35995K [0x00000000c1e00000, 0x0000000100000000)
  region size 1024K, 18 young (18432K), 2 survivors (2048K)
 Metaspace       used 40337K, committed 40768K, reserved 1114112K
  class space    used 5261K, committed 5504K, reserved 1048576K
}
Event: 12.119 GC heap after
{Heap after GC invocations=14 (full 0):
 garbage-first heap   total 48128K, used 20694K [0x00000000c1e00000, 0x0000000100000000)
  region size 1024K, 2 young (2048K), 2 survivors (2048K)
 Metaspace       used 40337K, committed 40768K, reserved 1114112K
  class space    used 5261K, committed 5504K, reserved 1048576K
}
Event: 12.890 GC heap before
{Heap before GC invocations=14 (full 0):
 garbage-first heap   total 48128K, used 35030K [0x00000000c1e00000, 0x0000000100000000)
  region size 1024K, 17 young (17408K), 2 survivors (2048K)
 Metaspace       used 44418K, committed 44800K, reserved 1114112K
  class space    used 5809K, committed 6016K, reserved 1048576K
}

